{
  "stats": {
    "suites": 1,
    "tests": 3,
    "passes": 0,
    "pending": 0,
    "failures": 3,
    "start": "2023-04-02T08:21:59.982Z",
    "end": "2023-04-02T08:25:08.063Z",
    "duration": 188081,
    "testsRegistered": 3,
    "passPercent": 0,
    "pendingPercent": 0,
    "other": 0,
    "hasOther": false,
    "skipped": 0,
    "hasSkipped": false
  },
  "results": [
    {
      "uuid": "4d5cdeb0-9b13-467f-bc7b-ee9c4be334fe",
      "title": "",
      "fullFile": "cypress\\e2e\\mytest.cy.js",
      "file": "cypress\\e2e\\mytest.cy.js",
      "beforeHooks": [],
      "afterHooks": [],
      "tests": [],
      "suites": [
        {
          "uuid": "a628b32c-61ee-404e-9967-7a5924bbc923",
          "title": "Test Run Rakamin Staging Web Page",
          "fullFile": "",
          "file": "",
          "beforeHooks": [],
          "afterHooks": [],
          "tests": [
            {
              "title": "TC 01 - POSITIVE -  Open and Verify Title",
              "fullTitle": "Test Run Rakamin Staging Web Page TC 01 - POSITIVE -  Open and Verify Title",
              "timedOut": null,
              "duration": 60309,
              "state": "failed",
              "speed": null,
              "pass": false,
              "fail": true,
              "pending": false,
              "context": "{\n  \"title\": \"cypress-mochawesome-reporter-screenshots\",\n  \"value\": [\n    [\n      {\n        \"title\": \"Failed screenshot\",\n        \"value\": \"\\\\mytest.cy.js\\\\Test Run Rakamin Staging Web Page -- TC 01 - POSITIVE -  Open and Verify Title (failed).png\"\n      }\n    ]\n  ]\n}",
              "code": "Cypress.config('defaultCommandTimeout', 10000);\n// TC 01 objective is to verify web-staging URL is opened successfully and verify its title.\ncy.visit(\"https://web-staging.rakamin.com/virtual-internship-experience/explore\");\ncy.title().should('eq', 'Rakamin Academy');",
              "err": {
                "message": "CypressError: Timed out after waiting `60000ms` for your remote page to load.\n\nYour page did not fire its `load` event within `60000ms`.\n\nYou can try increasing the `pageLoadTimeout` value in `cypress.config.js` to wait longer.\n\nBrowsers will not fire the `load` event until all stylesheets and scripts are done downloading.\n\nWhen this `load` event occurs, Cypress will continue running commands.",
                "estack": "CypressError: Timed out after waiting `60000ms` for your remote page to load.\n\nYour page did not fire its `load` event within `60000ms`.\n\nYou can try increasing the `pageLoadTimeout` value in `cypress.config.js` to wait longer.\n\nBrowsers will not fire the `load` event until all stylesheets and scripts are done downloading.\n\nWhen this `load` event occurs, Cypress will continue running commands.\n    at timedOutWaitingForPageLoad (https://web-staging.rakamin.com/__cypress/runner/cypress_runner.js:137295:72)\n    at <unknown> (https://web-staging.rakamin.com/__cypress/runner/cypress_runner.js:138269:16)\n    at tryCatcher (https://web-staging.rakamin.com/__cypress/runner/cypress_runner.js:8914:23)\n    at <unknown> (https://web-staging.rakamin.com/__cypress/runner/cypress_runner.js:4036:41)\n    at tryCatcher (https://web-staging.rakamin.com/__cypress/runner/cypress_runner.js:8914:23)\n    at Promise._settlePromiseFromHandler (https://web-staging.rakamin.com/__cypress/runner/cypress_runner.js:6849:31)\n    at Promise._settlePromise (https://web-staging.rakamin.com/__cypress/runner/cypress_runner.js:6906:18)\n    at Promise._settlePromise0 (https://web-staging.rakamin.com/__cypress/runner/cypress_runner.js:6951:10)\n    at Promise._settlePromises (https://web-staging.rakamin.com/__cypress/runner/cypress_runner.js:7027:18)\n    at _drainQueueStep (https://web-staging.rakamin.com/__cypress/runner/cypress_runner.js:3621:12)\n    at _drainQueue (https://web-staging.rakamin.com/__cypress/runner/cypress_runner.js:3614:9)\n    at ../../node_modules/bluebird/js/release/async.js.Async._drainQueues (https://web-staging.rakamin.com/__cypress/runner/cypress_runner.js:3630:5)\n    at Async.drainQueues (https://web-staging.rakamin.com/__cypress/runner/cypress_runner.js:3500:14)\nFrom Your Spec Code:\n    at Context.eval (webpack:///./cypress/e2e/mytest.cy.js:7:7)",
                "diff": null
              },
              "uuid": "60aabb8f-42e8-4c6d-8b9f-53cbc0930c6a",
              "parentUUID": "a628b32c-61ee-404e-9967-7a5924bbc923",
              "isHook": false,
              "skipped": false
            },
            {
              "title": "TC 02 - POSITIVE - Click Question Mark and Verify Directed URL",
              "fullTitle": "Test Run Rakamin Staging Web Page TC 02 - POSITIVE - Click Question Mark and Verify Directed URL",
              "timedOut": null,
              "duration": 60213,
              "state": "failed",
              "speed": null,
              "pass": false,
              "fail": true,
              "pending": false,
              "context": "{\n  \"title\": \"cypress-mochawesome-reporter-screenshots\",\n  \"value\": [\n    [\n      {\n        \"title\": \"Failed screenshot\",\n        \"value\": \"\\\\mytest.cy.js\\\\Test Run Rakamin Staging Web Page -- TC 02 - POSITIVE - Click Question Mark and Verify Directed URL (failed).png\"\n      }\n    ]\n  ]\n}",
              "code": "// TC 02 objective is to verify question mark button and verify its current URL direction.\ncy.visit(\"https://web-staging.rakamin.com/virtual-internship-experience/explore\");\ncy.get('a[href=\"/career-path\"]').click();\ncy.url().should('eq', 'https://web-staging.rakamin.com/career-path');",
              "err": {
                "message": "CypressError: Timed out after waiting `60000ms` for your remote page to load.\n\nYour page did not fire its `load` event within `60000ms`.\n\nYou can try increasing the `pageLoadTimeout` value in `cypress.config.js` to wait longer.\n\nBrowsers will not fire the `load` event until all stylesheets and scripts are done downloading.\n\nWhen this `load` event occurs, Cypress will continue running commands.",
                "estack": "CypressError: Timed out after waiting `60000ms` for your remote page to load.\n\nYour page did not fire its `load` event within `60000ms`.\n\nYou can try increasing the `pageLoadTimeout` value in `cypress.config.js` to wait longer.\n\nBrowsers will not fire the `load` event until all stylesheets and scripts are done downloading.\n\nWhen this `load` event occurs, Cypress will continue running commands.\n    at timedOutWaitingForPageLoad (https://web-staging.rakamin.com/__cypress/runner/cypress_runner.js:137295:72)\n    at <unknown> (https://web-staging.rakamin.com/__cypress/runner/cypress_runner.js:138269:16)\n    at tryCatcher (https://web-staging.rakamin.com/__cypress/runner/cypress_runner.js:8914:23)\n    at <unknown> (https://web-staging.rakamin.com/__cypress/runner/cypress_runner.js:4036:41)\n    at tryCatcher (https://web-staging.rakamin.com/__cypress/runner/cypress_runner.js:8914:23)\n    at Promise._settlePromiseFromHandler (https://web-staging.rakamin.com/__cypress/runner/cypress_runner.js:6849:31)\n    at Promise._settlePromise (https://web-staging.rakamin.com/__cypress/runner/cypress_runner.js:6906:18)\n    at Promise._settlePromise0 (https://web-staging.rakamin.com/__cypress/runner/cypress_runner.js:6951:10)\n    at Promise._settlePromises (https://web-staging.rakamin.com/__cypress/runner/cypress_runner.js:7027:18)\n    at _drainQueueStep (https://web-staging.rakamin.com/__cypress/runner/cypress_runner.js:3621:12)\n    at _drainQueue (https://web-staging.rakamin.com/__cypress/runner/cypress_runner.js:3614:9)\n    at ../../node_modules/bluebird/js/release/async.js.Async._drainQueues (https://web-staging.rakamin.com/__cypress/runner/cypress_runner.js:3630:5)\n    at Async.drainQueues (https://web-staging.rakamin.com/__cypress/runner/cypress_runner.js:3500:14)\nFrom Your Spec Code:\n    at Context.eval (webpack:///./cypress/e2e/mytest.cy.js:13:7)",
                "diff": null
              },
              "uuid": "572501ef-f8cb-4e3a-93e3-6c81affe88a0",
              "parentUUID": "a628b32c-61ee-404e-9967-7a5924bbc923",
              "isHook": false,
              "skipped": false
            },
            {
              "title": "TC 03 - POSITIVE - Insert Kenali Minat Form ",
              "fullTitle": "Test Run Rakamin Staging Web Page TC 03 - POSITIVE - Insert Kenali Minat Form ",
              "timedOut": null,
              "duration": 60274,
              "state": "failed",
              "speed": null,
              "pass": false,
              "fail": true,
              "pending": false,
              "context": "{\n  \"title\": \"cypress-mochawesome-reporter-screenshots\",\n  \"value\": [\n    [\n      {\n        \"title\": \"Failed screenshot\",\n        \"value\": \"\\\\mytest.cy.js\\\\Test Run Rakamin Staging Web Page -- TC 03 - POSITIVE - Insert Kenali Minat Form (failed).png\"\n      }\n    ]\n  ]\n}",
              "code": "// TC 03 objective is to verify question mark button and verify its current URL direction.\ncy.visit(\"https://web-staging.rakamin.com/virtual-internship-experience/explore\");\ncy.get('a[href=\"https://bit.ly/kenaliminatmuwebsite\"]').click();\ncy.url().should('eq', 'https://rakamin.typeform.com/kenaliminatmu?typeform-source=web-staging.rakamin.com');",
              "err": {
                "message": "CypressError: Timed out after waiting `60000ms` for your remote page to load.\n\nYour page did not fire its `load` event within `60000ms`.\n\nYou can try increasing the `pageLoadTimeout` value in `cypress.config.js` to wait longer.\n\nBrowsers will not fire the `load` event until all stylesheets and scripts are done downloading.\n\nWhen this `load` event occurs, Cypress will continue running commands.",
                "estack": "CypressError: Timed out after waiting `60000ms` for your remote page to load.\n\nYour page did not fire its `load` event within `60000ms`.\n\nYou can try increasing the `pageLoadTimeout` value in `cypress.config.js` to wait longer.\n\nBrowsers will not fire the `load` event until all stylesheets and scripts are done downloading.\n\nWhen this `load` event occurs, Cypress will continue running commands.\n    at timedOutWaitingForPageLoad (https://web-staging.rakamin.com/__cypress/runner/cypress_runner.js:137295:72)\n    at <unknown> (https://web-staging.rakamin.com/__cypress/runner/cypress_runner.js:138269:16)\n    at tryCatcher (https://web-staging.rakamin.com/__cypress/runner/cypress_runner.js:8914:23)\n    at <unknown> (https://web-staging.rakamin.com/__cypress/runner/cypress_runner.js:4036:41)\n    at tryCatcher (https://web-staging.rakamin.com/__cypress/runner/cypress_runner.js:8914:23)\n    at Promise._settlePromiseFromHandler (https://web-staging.rakamin.com/__cypress/runner/cypress_runner.js:6849:31)\n    at Promise._settlePromise (https://web-staging.rakamin.com/__cypress/runner/cypress_runner.js:6906:18)\n    at Promise._settlePromise0 (https://web-staging.rakamin.com/__cypress/runner/cypress_runner.js:6951:10)\n    at Promise._settlePromises (https://web-staging.rakamin.com/__cypress/runner/cypress_runner.js:7027:18)\n    at _drainQueueStep (https://web-staging.rakamin.com/__cypress/runner/cypress_runner.js:3621:12)\n    at _drainQueue (https://web-staging.rakamin.com/__cypress/runner/cypress_runner.js:3614:9)\n    at ../../node_modules/bluebird/js/release/async.js.Async._drainQueues (https://web-staging.rakamin.com/__cypress/runner/cypress_runner.js:3630:5)\n    at Async.drainQueues (https://web-staging.rakamin.com/__cypress/runner/cypress_runner.js:3500:14)\nFrom Your Spec Code:\n    at Context.eval (webpack:///./cypress/e2e/mytest.cy.js:20:7)",
                "diff": null
              },
              "uuid": "4bb1709e-877a-45b3-aaf9-961c3c6f3033",
              "parentUUID": "a628b32c-61ee-404e-9967-7a5924bbc923",
              "isHook": false,
              "skipped": false
            }
          ],
          "suites": [],
          "passes": [],
          "failures": [
            "60aabb8f-42e8-4c6d-8b9f-53cbc0930c6a",
            "572501ef-f8cb-4e3a-93e3-6c81affe88a0",
            "4bb1709e-877a-45b3-aaf9-961c3c6f3033"
          ],
          "pending": [],
          "skipped": [],
          "duration": 180796,
          "root": false,
          "rootEmpty": false,
          "_timeout": 2000
        }
      ],
      "passes": [],
      "failures": [],
      "pending": [],
      "skipped": [],
      "duration": 0,
      "root": true,
      "rootEmpty": true,
      "_timeout": 2000
    }
  ],
  "meta": {
    "mocha": {
      "version": "7.0.1"
    },
    "mochawesome": {
      "options": {
        "quiet": false,
        "reportFilename": "mochawesome",
        "saveHtml": false,
        "saveJson": true,
        "consoleReporter": "spec",
        "useInlineDiffs": false,
        "code": true
      },
      "version": "7.1.3"
    },
    "marge": {
      "options": {
        "overwrite": false,
        "html": false,
        "json": true,
        "reportDir": "cypress\\reports\\html\\.jsons"
      },
      "version": "6.2.0"
    }
  }
}